<?xml version="1.0" encoding="UTF-8"?>
<!-- Generated by org.testng.reporters.JUnitReportReporter -->
<testsuite name="Yellow_Project.FbPageObjectTests" tests="6" time="41.305" ignored="0" failures="0" timestamp="15 Jan 2017 07:40:35 GMT" skipped="0" hostname="MS52H3G8WN" errors="0">
  <testcase name="login" time="30.705" classname="Yellow_Project.FbPageObjectTests"/>
  <testcase name="navigateFB" time="3.326" classname="Yellow_Project.FbPageObjectTests"/>
  <testcase name="enterPwd" time="0.060" classname="Yellow_Project.FbPageObjectTests"/>
  <testcase name="navigateFB" time="4.425" classname="Yellow_Project.FbPageObjectTests"/>
  <testcase name="navigateFB" time="2.666" classname="Yellow_Project.FbPageObjectTests"/>
  <testcase name="enterEmail" time="0.123" classname="Yellow_Project.FbPageObjectTests"/>
</testsuite> <!-- Yellow_Project.FbPageObjectTests -->
