<?xml version="1.0" encoding="UTF-8"?>
<!-- Generated by org.testng.reporters.JUnitReportReporter -->
<testsuite name="Yellow_Project.FacebookTests" tests="4" time="41.680" ignored="0" failures="0" timestamp="22 Jan 2017 04:46:02 GMT" skipped="0" hostname="MS52H3G8WN" errors="0">
  <testcase name="navigateFB" time="10.386" classname="Yellow_Project.FacebookTests"/>
  <testcase name="enterEmail" time="0.135" classname="Yellow_Project.FacebookTests"/>
  <testcase name="enterPwd" time="0.049" classname="Yellow_Project.FacebookTests"/>
  <testcase name="login" time="31.110" classname="Yellow_Project.FacebookTests"/>
</testsuite> <!-- Yellow_Project.FacebookTests -->
