<?xml version="1.0" encoding="UTF-8"?>
<!-- Generated by org.testng.reporters.JUnitReportReporter -->
<testsuite name="Yellow_Project.FbDataProvider" tests="6" time="53.704" ignored="0" failures="0" timestamp="22 Jan 2017 04:47:13 GMT" skipped="0" hostname="MS52H3G8WN" errors="0">
  <testcase name="enterPwd" time="0.050" classname="Yellow_Project.FbDataProvider"/>
  <testcase name="navigateFB" time="6.379" classname="Yellow_Project.FbDataProvider"/>
  <testcase name="navigateFB" time="6.797" classname="Yellow_Project.FbDataProvider"/>
  <testcase name="enterEmail" time="0.113" classname="Yellow_Project.FbDataProvider"/>
  <testcase name="login" time="32.054" classname="Yellow_Project.FbDataProvider"/>
  <testcase name="navigateFB" time="8.311" classname="Yellow_Project.FbDataProvider"/>
</testsuite> <!-- Yellow_Project.FbDataProvider -->
